2025-04-21 00:30:27,743 - INFO - API endpoint is accessible at http://localhost:3001/api/docs
2025-04-21 00:30:27,749 - INFO - Workspace 'development' is valid
2025-04-21 00:30:27,749 - INFO - Workspace 'development' supports chatMode: chat, agentProvider: lmstudio
2025-04-21 00:30:27,749 - INFO - Please ensure LM Studio has the desired models loaded or unloaded to manage RAM usage.
2025-04-21 00:30:27,749 - INFO - If you need to unload models, do so in the LM Studio UI (Model Manager > Unload All).
Press Enter to continue once models are managed...2025-04-21 00:30:40,380 - INFO - Existing Git repository found at /Users/craig/aix
2025-04-21 00:30:40,391 - INFO - Updated Git remote 'origin' to https://github.com/nobulart/aix.git
2025-04-21 00:30:41,386 - INFO - Downloaded dataset to /Users/craig/aix/data.csv from https://archive.ics.uci.edu/ml/machine-learning-databases/iris/iris.data
2025-04-21 00:30:41,387 - INFO - Sending request to AnythingLLM at http://localhost:3001/api/v1/workspace/development/chat with mode 'chat' and prompt: Write an HTML file with CSS and JS for a webpage d
2025-04-21 00:30:55,072 - INFO - Response generated successfully
2025-04-21 00:30:55,073 - INFO - Generated and saved /Users/craig/aix/index.html
2025-04-21 00:30:55,073 - INFO - Sending request to AnythingLLM at http://localhost:3001/api/v1/workspace/development/chat with mode 'chat' and prompt: Write Jest tests for a webpage that loads data.csv
2025-04-21 00:31:08,460 - INFO - Response generated successfully
2025-04-21 00:31:08,460 - INFO - Generated and saved /Users/craig/aix/tests/html/test_index.test.js
2025-04-21 00:31:08,460 - INFO - Syntax check passed for /Users/craig/aix/tests/html/test_index.test.js

up to date, audited 332 packages in 3s

39 packages are looking for funding
  run `npm fund` for details

found 0 vulnerabilities
2025-04-21 00:31:11,402 - INFO - npm list jest jest-environment-jsdom:
aix@0.1.0 /Users/craig/aix
├── jest-environment-jsdom@29.7.0
└── jest@29.7.0


2025-04-21 00:31:11,408 - INFO - HTML output verified: Iris dataset found in data.csv.
2025-04-21 00:31:11,878 - INFO - Tests executed with exit code 0
2025-04-21 00:31:11,878 - INFO - Sending request to AnythingLLM at http://localhost:3001/api/v1/workspace/development/chat with mode 'chat' and prompt: Write a README.md file for a web app (index.html) 
2025-04-21 00:31:19,447 - INFO - Response generated successfully
2025-04-21 00:31:19,448 - INFO - Generated and saved README.md
2025-04-21 00:31:19,486 - INFO - Generated GitHub Actions workflow at /Users/craig/aix/.github/workflows/ci.yml
2025-04-21 00:31:19,500 - INFO - Changes committed to repository
Test Results:
 
> aix@0.1.0 test
> jest --testPathPattern=tests/html

PASS tests/html/test_index.test.js
  Data Table
    ✓ loads CSV into table (8 ms)

Test Suites: 1 passed, 1 total
Tests:       1 passed, 1 total
Snapshots:   0 total
Time:        0.202 s, estimated 1 s
Ran all test suites matching /tests\/html/i.

Changes committed.
2025-04-21 00:31:20,178 - INFO - API endpoint is accessible at http://localhost:3001/api/docs
2025-04-21 00:31:20,183 - INFO - Workspace 'development' is valid
2025-04-21 00:31:20,183 - INFO - Workspace 'development' supports chatMode: chat, agentProvider: lmstudio
2025-04-21 00:31:20,183 - INFO - Please ensure LM Studio has the desired models loaded or unloaded to manage RAM usage.
2025-04-21 00:31:20,183 - INFO - If you need to unload models, do so in the LM Studio UI (Model Manager > Unload All).
Press Enter to continue once models are managed...2025-04-21 00:31:28,039 - INFO - Existing Git repository found at /Users/craig/aix
2025-04-21 00:31:28,049 - INFO - Updated Git remote 'origin' to https://github.com/nobulart/aix.git
2025-04-21 00:31:28,984 - INFO - Downloaded dataset to /Users/craig/aix/data.csv from https://archive.ics.uci.edu/ml/machine-learning-databases/iris/iris.data
2025-04-21 00:31:28,985 - INFO - Sending request to AnythingLLM at http://localhost:3001/api/v1/workspace/development/chat with mode 'chat' and prompt: Write a Python script for a Flask REST API with a 
2025-04-21 00:31:37,918 - INFO - Response generated successfully
2025-04-21 00:31:37,930 - INFO - Generated and saved /Users/craig/aix/app.py
2025-04-21 00:31:37,930 - INFO - Sending request to AnythingLLM at http://localhost:3001/api/v1/workspace/development/chat with mode 'chat' and prompt: Write pytest tests for a Flask API defined in app.
2025-04-21 00:31:48,288 - INFO - Response generated successfully
2025-04-21 00:31:48,297 - INFO - Generated and saved /Users/craig/aix/tests/python/test_app.py
2025-04-21 00:31:48,297 - INFO - Syntax check passed for /Users/craig/aix/tests/python/test_app.py
2025-04-21 00:31:48,524 - INFO - Tests executed with exit code 2
2025-04-21 00:31:48,524 - INFO - Sending request to AnythingLLM at http://localhost:3001/api/v1/workspace/development/chat with mode 'chat' and prompt: Write a README.md file for a Flask API project wit
2025-04-21 00:31:56,824 - INFO - Response generated successfully
2025-04-21 00:31:56,830 - INFO - Generated and saved README.md
2025-04-21 00:31:56,873 - INFO - Generated GitHub Actions workflow at /Users/craig/aix/.github/workflows/ci.yml
2025-04-21 00:31:56,887 - INFO - Changes committed to repository
Test Results:
 ============================= test session starts ==============================
platform darwin -- Python 3.13.3, pytest-8.3.5, pluggy-1.5.0 -- /Users/craig/aix_env/bin/python3.13
cachedir: .pytest_cache
rootdir: /Users/craig/aix
collecting ... collected 0 items / 1 error

==================================== ERRORS ====================================
__________________ ERROR collecting tests/python/test_app.py ___________________
ImportError while importing test module '/Users/craig/aix/tests/python/test_app.py'.
Hint: make sure your test modules/packages have valid Python names.
Traceback:
/opt/homebrew/Cellar/python@3.13/3.13.3/Frameworks/Python.framework/Versions/3.13/lib/python3.13/importlib/__init__.py:88: in import_module
    return _bootstrap._gcd_import(name[level:], package, level)
tests/python/test_app.py:4: in <module>
    from ..app import app
E   ImportError: attempted relative import beyond top-level package
=========================== short test summary info ============================
ERROR tests/python/test_app.py
!!!!!!!!!!!!!!!!!!!! Interrupted: 1 error during collection !!!!!!!!!!!!!!!!!!!!
=============================== 1 error in 0.11s ===============================

Changes committed.
2025-04-21 00:31:59,313 - INFO - API endpoint is accessible at http://localhost:3001/api/docs
2025-04-21 00:31:59,318 - INFO - Workspace 'development' is valid
2025-04-21 00:31:59,318 - INFO - Workspace 'development' supports chatMode: chat, agentProvider: lmstudio
2025-04-21 00:31:59,318 - INFO - Please ensure LM Studio has the desired models loaded or unloaded to manage RAM usage.
2025-04-21 00:31:59,318 - INFO - If you need to unload models, do so in the LM Studio UI (Model Manager > Unload All).
Press Enter to continue once models are managed...2025-04-21 00:32:04,958 - INFO - Existing Git repository found at /Users/craig/aix
2025-04-21 00:32:04,969 - INFO - Updated Git remote 'origin' to https://github.com/nobulart/aix.git
2025-04-21 00:32:04,969 - INFO - Sending request to AnythingLLM at http://localhost:3001/api/v1/workspace/development/chat with mode 'chat' and prompt: Write a Julia script using Genie.jl for a web API 
2025-04-21 00:32:13,080 - INFO - Response generated successfully
2025-04-21 00:32:13,080 - INFO - Generated and saved /Users/craig/aix/app.jl
2025-04-21 00:32:13,080 - INFO - Sending request to AnythingLLM at http://localhost:3001/api/v1/workspace/development/chat with mode 'chat' and prompt: Write a Julia test set for a Genie.jl API defined 
2025-04-21 00:32:23,500 - INFO - Response generated successfully
2025-04-21 00:32:23,501 - INFO - Generated and saved /Users/craig/aix/tests/julia/test_app.jl
2025-04-21 00:32:23,501 - INFO - Syntax check passed for /Users/craig/aix/tests/julia/test_app.jl
    Updating registry at `~/.julia/registries/General.toml`
   Resolving package versions...
  No Changes to `~/aix/Project.toml`
  No Changes to `~/aix/Manifest.toml`
2025-04-21 00:32:36,793 - INFO - Tests executed with exit code 0
2025-04-21 00:32:36,793 - INFO - Sending request to AnythingLLM at http://localhost:3001/api/v1/workspace/development/chat with mode 'chat' and prompt: Write a README.md file for a Genie.jl API project 
2025-04-21 00:32:46,362 - INFO - Response generated successfully
2025-04-21 00:32:46,362 - INFO - Generated and saved README.md
2025-04-21 00:32:46,401 - INFO - Generated GitHub Actions workflow at /Users/craig/aix/.github/workflows/ci.yml
2025-04-21 00:32:46,416 - INFO - Changes committed to repository
Test Results:
 Test Summary: | Pass  Total  Time
Genie API     |    5      5  4.9s
┌ Info: 
└ Web Server starting at http://127.0.0.1:8000 
[ Info: Listening on: 127.0.0.1:8000, thread id: 1
[ Info: GET /hello 200
[ Info: GET /data 200

Changes committed.
